d:\workspace\cpp\mfc_chatting2\mfc_chatting2\debug\mfc_chatting2.pch.codeanalysis
d:\workspace\cpp\mfc_chatting2\mfc_chatting2\debug\vc140.pdb
d:\workspace\cpp\mfc_chatting2\mfc_chatting2\debug\vc140.idb
d:\workspace\cpp\mfc_chatting2\mfc_chatting2\debug\mfc_chatting2.pch.codeanalysisast
d:\workspace\cpp\mfc_chatting2\mfc_chatting2\debug\stdafx.nativecodeanalysis.xml
d:\workspace\cpp\mfc_chatting2\mfc_chatting2\debug\stdafx.obj
d:\workspace\cpp\mfc_chatting2\mfc_chatting2\debug\mfc_chatting2.pch
d:\workspace\cpp\mfc_chatting2\mfc_chatting2\debug\mfc_chatting2.nativecodeanalysis.xml
d:\workspace\cpp\mfc_chatting2\mfc_chatting2\debug\mfc_chatting2dlg.nativecodeanalysis.xml
d:\workspace\cpp\mfc_chatting2\mfc_chatting2\debug\mfc_chatting2dlg.obj
d:\workspace\cpp\mfc_chatting2\mfc_chatting2\debug\mfc_chatting2.obj
d:\workspace\cpp\mfc_chatting2\mfc_chatting2\debug\mfc_chatting2.res
d:\workspace\cpp\mfc_chatting2\debug\mfc_chatting2.pdb
d:\workspace\cpp\mfc_chatting2\mfc_chatting2\debug\mfc_chatting2.tlog\cl.command.1.tlog
d:\workspace\cpp\mfc_chatting2\mfc_chatting2\debug\mfc_chatting2.tlog\cl.read.1.tlog
d:\workspace\cpp\mfc_chatting2\mfc_chatting2\debug\mfc_chatting2.tlog\cl.write.1.tlog
d:\workspace\cpp\mfc_chatting2\mfc_chatting2\debug\mfc_chatting2.tlog\link-cvtres.read.1.tlog
d:\workspace\cpp\mfc_chatting2\mfc_chatting2\debug\mfc_chatting2.tlog\link-cvtres.write.1.tlog
d:\workspace\cpp\mfc_chatting2\mfc_chatting2\debug\mfc_chatting2.tlog\link-mt.read.1.tlog
d:\workspace\cpp\mfc_chatting2\mfc_chatting2\debug\mfc_chatting2.tlog\link-mt.write.1.tlog
d:\workspace\cpp\mfc_chatting2\mfc_chatting2\debug\mfc_chatting2.tlog\link-rc.read.1.tlog
d:\workspace\cpp\mfc_chatting2\mfc_chatting2\debug\mfc_chatting2.tlog\link-rc.write.1.tlog
d:\workspace\cpp\mfc_chatting2\mfc_chatting2\debug\mfc_chatting2.tlog\link.command.1.tlog
d:\workspace\cpp\mfc_chatting2\mfc_chatting2\debug\mfc_chatting2.tlog\link.read.1.tlog
d:\workspace\cpp\mfc_chatting2\mfc_chatting2\debug\mfc_chatting2.tlog\link.write.1.tlog
d:\workspace\cpp\mfc_chatting2\mfc_chatting2\debug\mfc_chatting2.tlog\rc.command.1.tlog
d:\workspace\cpp\mfc_chatting2\mfc_chatting2\debug\mfc_chatting2.tlog\rc.read.1.tlog
d:\workspace\cpp\mfc_chatting2\mfc_chatting2\debug\mfc_chatting2.tlog\rc.write.1.tlog
